10-Apr-2020 23:31:37.745 INFO [localhost-startStop-1] org.apache.catalina.core.ApplicationContext.log ContextListener: contextInitialized()
10-Apr-2020 23:31:37.746 INFO [localhost-startStop-1] org.apache.catalina.core.ApplicationContext.log SessionListener: contextInitialized()
10-Apr-2020 23:31:37.758 INFO [localhost-startStop-1] org.apache.catalina.core.ApplicationContext.log ContextListener: attributeAdded('StockTicker', 'async.Stockticker@1443de4f')
10-Apr-2020 23:32:13.237 INFO [localhost-startStop-2] org.apache.catalina.core.ApplicationContext.log SessionListener: contextDestroyed()
10-Apr-2020 23:32:13.237 INFO [localhost-startStop-2] org.apache.catalina.core.ApplicationContext.log ContextListener: contextDestroyed()
10-Apr-2020 23:32:36.829 INFO [localhost-startStop-1] org.apache.catalina.core.ApplicationContext.log ContextListener: contextInitialized()
10-Apr-2020 23:32:36.832 INFO [localhost-startStop-1] org.apache.catalina.core.ApplicationContext.log SessionListener: contextInitialized()
10-Apr-2020 23:32:36.834 INFO [localhost-startStop-1] org.apache.catalina.core.ApplicationContext.log ContextListener: attributeAdded('StockTicker', 'async.Stockticker@1443de4f')
10-Apr-2020 23:37:08.882 INFO [localhost-startStop-3] org.apache.catalina.core.ApplicationContext.log SessionListener: contextDestroyed()
10-Apr-2020 23:37:08.882 INFO [localhost-startStop-3] org.apache.catalina.core.ApplicationContext.log ContextListener: contextDestroyed()
10-Apr-2020 23:44:10.667 INFO [localhost-startStop-1] org.apache.catalina.core.ApplicationContext.log ContextListener: contextInitialized()
10-Apr-2020 23:44:10.672 INFO [localhost-startStop-1] org.apache.catalina.core.ApplicationContext.log SessionListener: contextInitialized()
10-Apr-2020 23:44:10.675 INFO [localhost-startStop-1] org.apache.catalina.core.ApplicationContext.log ContextListener: attributeAdded('StockTicker', 'async.Stockticker@79358b9e')
10-Apr-2020 23:44:17.543 INFO [localhost-startStop-1] org.apache.catalina.core.ApplicationContext.log SessionListener: contextDestroyed()
10-Apr-2020 23:44:17.546 INFO [localhost-startStop-1] org.apache.catalina.core.ApplicationContext.log ContextListener: contextDestroyed()
10-Apr-2020 23:58:07.786 INFO [localhost-startStop-1] org.apache.catalina.core.ApplicationContext.log ContextListener: contextInitialized()
10-Apr-2020 23:58:07.793 INFO [localhost-startStop-1] org.apache.catalina.core.ApplicationContext.log SessionListener: contextInitialized()
10-Apr-2020 23:58:07.795 INFO [localhost-startStop-1] org.apache.catalina.core.ApplicationContext.log ContextListener: attributeAdded('StockTicker', 'async.Stockticker@50605826')
10-Apr-2020 23:58:34.650 INFO [http-nio-8080-exec-6] org.apache.catalina.core.ApplicationContext.log SessionListener: sessionCreated('0AAEA619AD4723D7488A91BE41C2A35C')
10-Apr-2020 23:58:34.920 INFO [http-nio-8080-exec-6] org.apache.catalina.core.ApplicationContext.log ContextListener: attributeAdded('org.apache.jasper.runtime.JspApplicationContextImpl', 'org.apache.jasper.runtime.JspApplicationContextImpl@5de36753')
10-Apr-2020 23:58:35.015 INFO [http-nio-8080-exec-6] org.apache.catalina.core.ApplicationContext.log ContextListener: attributeAdded('org.apache.jasper.compiler.ELInterpreter', 'org.apache.jasper.compiler.ELInterpreterFactory$DefaultELInterpreter@332d9b6d')
10-Apr-2020 23:59:45.973 INFO [http-nio-8080-exec-9] org.apache.catalina.core.ApplicationContext.log SessionListener: sessionDestroyed('8C5278CAB11CF46DA7EB300659A4C423')
10-Apr-2020 23:59:45.985 INFO [http-nio-8080-exec-9] org.apache.catalina.core.ApplicationContext.log SessionListener: sessionCreated('FAAF0FD25EFD574275FB11AA2E11BE48')
10-Apr-2020 23:59:58.081 INFO [http-nio-8080-exec-3] org.apache.catalina.core.ApplicationContext.log SessionListener: sessionDestroyed('DFF2C663FE9AFB3C4FAACD64A2FC9BD5')
10-Apr-2020 23:59:58.095 INFO [http-nio-8080-exec-4] org.apache.catalina.core.ApplicationContext.log SessionListener: sessionCreated('69EE0C092F678CE2D3A99422C6BC180C')
